
> client@0.1.0 start
> react-scripts start

(node:12123) [DEP_WEBPACK_DEV_SERVER_ON_AFTER_SETUP_MIDDLEWARE] DeprecationWarning: 'onAfterSetupMiddleware' option is deprecated. Please use the 'setupMiddlewares' option.
(Use `node --trace-deprecation ...` to show where the warning was created)
(node:12123) [DEP_WEBPACK_DEV_SERVER_ON_BEFORE_SETUP_MIDDLEWARE] DeprecationWarning: 'onBeforeSetupMiddleware' option is deprecated. Please use the 'setupMiddlewares' option.
Starting the development server...

Compiled successfully!

You can now view client in the browser.

  Local:            http://localhost:3000
  On Your Network:  http://192.168.0.105:3000

Note that the development build is not optimized.
To create a production build, use npm run build.

webpack compiled successfully
Compiling...
Compiled with warnings.

[eslint] 
src/pages/Dashboard.js
  Line 73:10:  'response' is assigned a value but never used                                                                      no-unused-vars
  Line 74:10:  'transcript' is assigned a value but never used                                                                    no-unused-vars
  Line 100:6:  React Hook useEffect has a missing dependency: 'checkReminders'. Either include it or remove the dependency array  react-hooks/exhaustive-deps

Search for the keywords to learn more about each warning.
To ignore, add // eslint-disable-next-line to the line before.

WARNING in [eslint] 
src/pages/Dashboard.js
  Line 73:10:  'response' is assigned a value but never used                                                                      no-unused-vars
  Line 74:10:  'transcript' is assigned a value but never used                                                                    no-unused-vars
  Line 100:6:  React Hook useEffect has a missing dependency: 'checkReminders'. Either include it or remove the dependency array  react-hooks/exhaustive-deps

webpack compiled with 1 warning
Compiling...
Compiled with warnings.

[eslint] 
src/pages/Dashboard.js
  Line 73:10:  'response' is assigned a value but never used                                                                      no-unused-vars
  Line 74:10:  'transcript' is assigned a value but never used                                                                    no-unused-vars
  Line 100:6:  React Hook useEffect has a missing dependency: 'checkReminders'. Either include it or remove the dependency array  react-hooks/exhaustive-deps

Search for the keywords to learn more about each warning.
To ignore, add // eslint-disable-next-line to the line before.

WARNING in [eslint] 
src/pages/Dashboard.js
  Line 73:10:  'response' is assigned a value but never used                                                                      no-unused-vars
  Line 74:10:  'transcript' is assigned a value but never used                                                                    no-unused-vars
  Line 100:6:  React Hook useEffect has a missing dependency: 'checkReminders'. Either include it or remove the dependency array  react-hooks/exhaustive-deps

webpack compiled with 1 warning
Compiling...
Compiled with warnings.

[eslint] 
src/pages/Dashboard.js
  Line 73:10:  'response' is assigned a value but never used                                                                      no-unused-vars
  Line 74:10:  'transcript' is assigned a value but never used                                                                    no-unused-vars
  Line 100:6:  React Hook useEffect has a missing dependency: 'checkReminders'. Either include it or remove the dependency array  react-hooks/exhaustive-deps

Search for the keywords to learn more about each warning.
To ignore, add // eslint-disable-next-line to the line before.

WARNING in [eslint] 
src/pages/Dashboard.js
  Line 73:10:  'response' is assigned a value but never used                                                                      no-unused-vars
  Line 74:10:  'transcript' is assigned a value but never used                                                                    no-unused-vars
  Line 100:6:  React Hook useEffect has a missing dependency: 'checkReminders'. Either include it or remove the dependency array  react-hooks/exhaustive-deps

webpack compiled with 1 warning
Compiling...
Compiled with warnings.

[eslint] 
src/pages/Dashboard.js
  Line 73:10:  'response' is assigned a value but never used                                                                      no-unused-vars
  Line 74:10:  'transcript' is assigned a value but never used                                                                    no-unused-vars
  Line 100:6:  React Hook useEffect has a missing dependency: 'checkReminders'. Either include it or remove the dependency array  react-hooks/exhaustive-deps

Search for the keywords to learn more about each warning.
To ignore, add // eslint-disable-next-line to the line before.

WARNING in [eslint] 
src/pages/Dashboard.js
  Line 73:10:  'response' is assigned a value but never used                                                                      no-unused-vars
  Line 74:10:  'transcript' is assigned a value but never used                                                                    no-unused-vars
  Line 100:6:  React Hook useEffect has a missing dependency: 'checkReminders'. Either include it or remove the dependency array  react-hooks/exhaustive-deps

webpack compiled with 1 warning
Compiling...
Failed to compile.

[eslint] 
src/pages/Login.js
Syntax error: Unterminated JSX contents. (121:7) (121:7)
WARNING in [eslint] 
src/pages/Dashboard.js
  Line 73:10:  'response' is assigned a value but never used                                                                      no-unused-vars
  Line 74:10:  'transcript' is assigned a value but never used                                                                    no-unused-vars
  Line 100:6:  React Hook useEffect has a missing dependency: 'checkReminders'. Either include it or remove the dependency array  react-hooks/exhaustive-deps

ERROR in ./src/pages/Login.js
Module build failed (from ./node_modules/babel-loader/lib/index.js):
SyntaxError: /Users/macbookair/Desktop/hackathoan/client/src/pages/Login.js: Unterminated JSX contents. (121:7)

  119 |         </div>
  120 |       </div>
> 121 |     </>
      |        ^
  122 |   );
  123 | }
  124 |
    at constructor (/Users/macbookair/Desktop/hackathoan/client/node_modules/@babel/parser/lib/index.js:365:19)
    at FlowParserMixin.raise (/Users/macbookair/Desktop/hackathoan/client/node_modules/@babel/parser/lib/index.js:6599:19)
    at FlowParserMixin.jsxReadToken (/Users/macbookair/Desktop/hackathoan/client/node_modules/@babel/parser/lib/index.js:4448:20)
    at FlowParserMixin.getTokenFromCode (/Users/macbookair/Desktop/hackathoan/client/node_modules/@babel/parser/lib/index.js:4774:12)
    at FlowParserMixin.getTokenFromCode (/Users/macbookair/Desktop/hackathoan/client/node_modules/@babel/parser/lib/index.js:3197:13)
    at FlowParserMixin.nextToken (/Users/macbookair/Desktop/hackathoan/client/node_modules/@babel/parser/lib/index.js:5782:10)
    at FlowParserMixin.next (/Users/macbookair/Desktop/hackathoan/client/node_modules/@babel/parser/lib/index.js:5692:10)
    at FlowParserMixin.eat (/Users/macbookair/Desktop/hackathoan/client/node_modules/@babel/parser/lib/index.js:5696:12)
    at FlowParserMixin.jsxParseClosingElementAt (/Users/macbookair/Desktop/hackathoan/client/node_modules/@babel/parser/lib/index.js:4676:14)
    at FlowParserMixin.jsxParseElementAt (/Users/macbookair/Desktop/hackathoan/client/node_modules/@babel/parser/lib/index.js:4695:37)
    at FlowParserMixin.jsxParseElementAt (/Users/macbookair/Desktop/hackathoan/client/node_modules/@babel/parser/lib/index.js:4698:32)
    at FlowParserMixin.jsxParseElement (/Users/macbookair/Desktop/hackathoan/client/node_modules/@babel/parser/lib/index.js:4749:17)
    at FlowParserMixin.parseExprAtom (/Users/macbookair/Desktop/hackathoan/client/node_modules/@babel/parser/lib/index.js:4759:19)
    at FlowParserMixin.parseExprSubscripts (/Users/macbookair/Desktop/hackathoan/client/node_modules/@babel/parser/lib/index.js:11081:23)
    at FlowParserMixin.parseUpdate (/Users/macbookair/Desktop/hackathoan/client/node_modules/@babel/parser/lib/index.js:11066:21)
    at FlowParserMixin.parseMaybeUnary (/Users/macbookair/Desktop/hackathoan/client/node_modules/@babel/parser/lib/index.js:11046:23)
    at FlowParserMixin.parseMaybeUnaryOrPrivate (/Users/macbookair/Desktop/hackathoan/client/node_modules/@babel/parser/lib/index.js:10899:61)
    at FlowParserMixin.parseExprOps (/Users/macbookair/Desktop/hackathoan/client/node_modules/@babel/parser/lib/index.js:10904:23)
    at FlowParserMixin.parseMaybeConditional (/Users/macbookair/Desktop/hackathoan/client/node_modules/@babel/parser/lib/index.js:10881:23)
    at FlowParserMixin.parseMaybeAssign (/Users/macbookair/Desktop/hackathoan/client/node_modules/@babel/parser/lib/index.js:10831:21)
    at /Users/macbookair/Desktop/hackathoan/client/node_modules/@babel/parser/lib/index.js:3498:39
    at FlowParserMixin.tryParse (/Users/macbookair/Desktop/hackathoan/client/node_modules/@babel/parser/lib/index.js:6907:20)
    at FlowParserMixin.parseMaybeAssign (/Users/macbookair/Desktop/hackathoan/client/node_modules/@babel/parser/lib/index.js:3498:18)
    at /Users/macbookair/Desktop/hackathoan/client/node_modules/@babel/parser/lib/index.js:10800:39
    at FlowParserMixin.allowInAnd (/Users/macbookair/Desktop/hackathoan/client/node_modules/@babel/parser/lib/index.js:12426:12)
    at FlowParserMixin.parseMaybeAssignAllowIn (/Users/macbookair/Desktop/hackathoan/client/node_modules/@babel/parser/lib/index.js:10800:17)
    at FlowParserMixin.parseMaybeAssignAllowInOrVoidPattern (/Users/macbookair/Desktop/hackathoan/client/node_modules/@babel/parser/lib/index.js:12493:17)
    at FlowParserMixin.parseParenAndDistinguishExpression (/Users/macbookair/Desktop/hackathoan/client/node_modules/@babel/parser/lib/index.js:11675:28)
    at FlowParserMixin.parseParenAndDistinguishExpression (/Users/macbookair/Desktop/hackathoan/client/node_modules/@babel/parser/lib/index.js:3591:18)
    at FlowParserMixin.parseExprAtom (/Users/macbookair/Desktop/hackathoan/client/node_modules/@babel/parser/lib/index.js:11331:23)
    at FlowParserMixin.parseExprAtom (/Users/macbookair/Desktop/hackathoan/client/node_modules/@babel/parser/lib/index.js:4764:20)
    at FlowParserMixin.parseExprSubscripts (/Users/macbookair/Desktop/hackathoan/client/node_modules/@babel/parser/lib/index.js:11081:23)
    at FlowParserMixin.parseUpdate (/Users/macbookair/Desktop/hackathoan/client/node_modules/@babel/parser/lib/index.js:11066:21)
    at FlowParserMixin.parseMaybeUnary (/Users/macbookair/Desktop/hackathoan/client/node_modules/@babel/parser/lib/index.js:11046:23)
    at FlowParserMixin.parseMaybeUnaryOrPrivate (/Users/macbookair/Desktop/hackathoan/client/node_modules/@babel/parser/lib/index.js:10899:61)
    at FlowParserMixin.parseExprOps (/Users/macbookair/Desktop/hackathoan/client/node_modules/@babel/parser/lib/index.js:10904:23)
    at FlowParserMixin.parseMaybeConditional (/Users/macbookair/Desktop/hackathoan/client/node_modules/@babel/parser/lib/index.js:10881:23)
    at FlowParserMixin.parseMaybeAssign (/Users/macbookair/Desktop/hackathoan/client/node_modules/@babel/parser/lib/index.js:10831:21)
    at FlowParserMixin.parseMaybeAssign (/Users/macbookair/Desktop/hackathoan/client/node_modules/@babel/parser/lib/index.js:3549:18)
    at FlowParserMixin.parseExpressionBase (/Users/macbookair/Desktop/hackathoan/client/node_modules/@babel/parser/lib/index.js:10784:23)
    at /Users/macbookair/Desktop/hackathoan/client/node_modules/@babel/parser/lib/index.js:10780:39
    at FlowParserMixin.allowInAnd (/Users/macbookair/Desktop/hackathoan/client/node_modules/@babel/parser/lib/index.js:12421:16)
    at FlowParserMixin.parseExpression (/Users/macbookair/Desktop/hackathoan/client/node_modules/@babel/parser/lib/index.js:10780:17)
    at FlowParserMixin.parseReturnStatement (/Users/macbookair/Desktop/hackathoan/client/node_modules/@babel/parser/lib/index.js:13142:28)
    at FlowParserMixin.parseStatementContent (/Users/macbookair/Desktop/hackathoan/client/node_modules/@babel/parser/lib/index.js:12798:21)
    at FlowParserMixin.parseStatementLike (/Users/macbookair/Desktop/hackathoan/client/node_modules/@babel/parser/lib/index.js:12767:17)
    at FlowParserMixin.parseStatementLike (/Users/macbookair/Desktop/hackathoan/client/node_modules/@babel/parser/lib/index.js:2918:24)
    at FlowParserMixin.parseStatementListItem (/Users/macbookair/Desktop/hackathoan/client/node_modules/@babel/parser/lib/index.js:12747:17)
    at FlowParserMixin.parseBlockOrModuleBlockBody (/Users/macbookair/Desktop/hackathoan/client/node_modules/@babel/parser/lib/index.js:13316:61)
    at FlowParserMixin.parseBlockBody (/Users/macbookair/Desktop/hackathoan/client/node_modules/@babel/parser/lib/index.js:13309:10)

ERROR in [eslint] 
src/pages/Login.js
  Line 121:7:  Parsing error: Unterminated JSX contents. (121:7)

webpack compiled with 2 errors and 1 warning
Compiling...
Compiled with warnings.

[eslint] 
src/pages/Dashboard.js
  Line 73:10:  'response' is assigned a value but never used                                                                      no-unused-vars
  Line 74:10:  'transcript' is assigned a value but never used                                                                    no-unused-vars
  Line 100:6:  React Hook useEffect has a missing dependency: 'checkReminders'. Either include it or remove the dependency array  react-hooks/exhaustive-deps

Search for the keywords to learn more about each warning.
To ignore, add // eslint-disable-next-line to the line before.

WARNING in [eslint] 
src/pages/Dashboard.js
  Line 73:10:  'response' is assigned a value but never used                                                                      no-unused-vars
  Line 74:10:  'transcript' is assigned a value but never used                                                                    no-unused-vars
  Line 100:6:  React Hook useEffect has a missing dependency: 'checkReminders'. Either include it or remove the dependency array  react-hooks/exhaustive-deps

webpack compiled with 1 warning
Compiling...
Compiled with warnings.

[eslint] 
src/pages/Dashboard.js
  Line 73:10:  'response' is assigned a value but never used                                                                      no-unused-vars
  Line 74:10:  'transcript' is assigned a value but never used                                                                    no-unused-vars
  Line 100:6:  React Hook useEffect has a missing dependency: 'checkReminders'. Either include it or remove the dependency array  react-hooks/exhaustive-deps

Search for the keywords to learn more about each warning.
To ignore, add // eslint-disable-next-line to the line before.

WARNING in [eslint] 
src/pages/Dashboard.js
  Line 73:10:  'response' is assigned a value but never used                                                                      no-unused-vars
  Line 74:10:  'transcript' is assigned a value but never used                                                                    no-unused-vars
  Line 100:6:  React Hook useEffect has a missing dependency: 'checkReminders'. Either include it or remove the dependency array  react-hooks/exhaustive-deps

webpack compiled with 1 warning
Compiling...
Compiled with warnings.

[eslint] 
src/pages/Dashboard.js
  Line 73:10:  'response' is assigned a value but never used                                                                      no-unused-vars
  Line 74:10:  'transcript' is assigned a value but never used                                                                    no-unused-vars
  Line 100:6:  React Hook useEffect has a missing dependency: 'checkReminders'. Either include it or remove the dependency array  react-hooks/exhaustive-deps

Search for the keywords to learn more about each warning.
To ignore, add // eslint-disable-next-line to the line before.

WARNING in [eslint] 
src/pages/Dashboard.js
  Line 73:10:  'response' is assigned a value but never used                                                                      no-unused-vars
  Line 74:10:  'transcript' is assigned a value but never used                                                                    no-unused-vars
  Line 100:6:  React Hook useEffect has a missing dependency: 'checkReminders'. Either include it or remove the dependency array  react-hooks/exhaustive-deps

webpack compiled with 1 warning
Compiling...
Compiled with warnings.

[eslint] 
src/pages/Dashboard.js
  Line 73:10:  'response' is assigned a value but never used                                                                      no-unused-vars
  Line 74:10:  'transcript' is assigned a value but never used                                                                    no-unused-vars
  Line 100:6:  React Hook useEffect has a missing dependency: 'checkReminders'. Either include it or remove the dependency array  react-hooks/exhaustive-deps

Search for the keywords to learn more about each warning.
To ignore, add // eslint-disable-next-line to the line before.

WARNING in [eslint] 
src/pages/Dashboard.js
  Line 73:10:  'response' is assigned a value but never used                                                                      no-unused-vars
  Line 74:10:  'transcript' is assigned a value but never used                                                                    no-unused-vars
  Line 100:6:  React Hook useEffect has a missing dependency: 'checkReminders'. Either include it or remove the dependency array  react-hooks/exhaustive-deps

webpack compiled with 1 warning
Compiling...
Compiled with warnings.

[eslint] 
src/pages/Dashboard.js
  Line 73:10:  'response' is assigned a value but never used                                                                      no-unused-vars
  Line 74:10:  'transcript' is assigned a value but never used                                                                    no-unused-vars
  Line 100:6:  React Hook useEffect has a missing dependency: 'checkReminders'. Either include it or remove the dependency array  react-hooks/exhaustive-deps

Search for the keywords to learn more about each warning.
To ignore, add // eslint-disable-next-line to the line before.

WARNING in [eslint] 
src/pages/Dashboard.js
  Line 73:10:  'response' is assigned a value but never used                                                                      no-unused-vars
  Line 74:10:  'transcript' is assigned a value but never used                                                                    no-unused-vars
  Line 100:6:  React Hook useEffect has a missing dependency: 'checkReminders'. Either include it or remove the dependency array  react-hooks/exhaustive-deps

webpack compiled with 1 warning
Compiling...
Compiled with warnings.

[eslint] 
src/pages/Dashboard.js
  Line 73:10:  'response' is assigned a value but never used                                                                      no-unused-vars
  Line 74:10:  'transcript' is assigned a value but never used                                                                    no-unused-vars
  Line 100:6:  React Hook useEffect has a missing dependency: 'checkReminders'. Either include it or remove the dependency array  react-hooks/exhaustive-deps

Search for the keywords to learn more about each warning.
To ignore, add // eslint-disable-next-line to the line before.

WARNING in [eslint] 
src/pages/Dashboard.js
  Line 73:10:  'response' is assigned a value but never used                                                                      no-unused-vars
  Line 74:10:  'transcript' is assigned a value but never used                                                                    no-unused-vars
  Line 100:6:  React Hook useEffect has a missing dependency: 'checkReminders'. Either include it or remove the dependency array  react-hooks/exhaustive-deps

webpack compiled with 1 warning
Compiling...
Compiled with warnings.

[eslint] 
src/pages/Dashboard.js
  Line 73:10:  'response' is assigned a value but never used                                                                      no-unused-vars
  Line 74:10:  'transcript' is assigned a value but never used                                                                    no-unused-vars
  Line 100:6:  React Hook useEffect has a missing dependency: 'checkReminders'. Either include it or remove the dependency array  react-hooks/exhaustive-deps

Search for the keywords to learn more about each warning.
To ignore, add // eslint-disable-next-line to the line before.

WARNING in [eslint] 
src/pages/Dashboard.js
  Line 73:10:  'response' is assigned a value but never used                                                                      no-unused-vars
  Line 74:10:  'transcript' is assigned a value but never used                                                                    no-unused-vars
  Line 100:6:  React Hook useEffect has a missing dependency: 'checkReminders'. Either include it or remove the dependency array  react-hooks/exhaustive-deps

webpack compiled with 1 warning
Compiling...
Compiled with warnings.

[eslint] 
src/pages/Dashboard.js
  Line 73:10:  'response' is assigned a value but never used                                                                      no-unused-vars
  Line 74:10:  'transcript' is assigned a value but never used                                                                    no-unused-vars
  Line 100:6:  React Hook useEffect has a missing dependency: 'checkReminders'. Either include it or remove the dependency array  react-hooks/exhaustive-deps

Search for the keywords to learn more about each warning.
To ignore, add // eslint-disable-next-line to the line before.

WARNING in [eslint] 
src/pages/Dashboard.js
  Line 73:10:  'response' is assigned a value but never used                                                                      no-unused-vars
  Line 74:10:  'transcript' is assigned a value but never used                                                                    no-unused-vars
  Line 100:6:  React Hook useEffect has a missing dependency: 'checkReminders'. Either include it or remove the dependency array  react-hooks/exhaustive-deps

webpack compiled with 1 warning
Compiling...
Compiled with warnings.

[eslint] 
src/pages/Dashboard.js
  Line 73:10:  'response' is assigned a value but never used                                                                      no-unused-vars
  Line 74:10:  'transcript' is assigned a value but never used                                                                    no-unused-vars
  Line 100:6:  React Hook useEffect has a missing dependency: 'checkReminders'. Either include it or remove the dependency array  react-hooks/exhaustive-deps

Search for the keywords to learn more about each warning.
To ignore, add // eslint-disable-next-line to the line before.

WARNING in [eslint] 
src/pages/Dashboard.js
  Line 73:10:  'response' is assigned a value but never used                                                                      no-unused-vars
  Line 74:10:  'transcript' is assigned a value but never used                                                                    no-unused-vars
  Line 100:6:  React Hook useEffect has a missing dependency: 'checkReminders'. Either include it or remove the dependency array  react-hooks/exhaustive-deps

webpack compiled with 1 warning
Compiling...
Compiled with warnings.

[eslint] 
src/pages/Dashboard.js
  Line 73:10:  'response' is assigned a value but never used                                                                      no-unused-vars
  Line 74:10:  'transcript' is assigned a value but never used                                                                    no-unused-vars
  Line 110:6:  React Hook useEffect has a missing dependency: 'checkReminders'. Either include it or remove the dependency array  react-hooks/exhaustive-deps

Search for the keywords to learn more about each warning.
To ignore, add // eslint-disable-next-line to the line before.

WARNING in [eslint] 
src/pages/Dashboard.js
  Line 73:10:  'response' is assigned a value but never used                                                                      no-unused-vars
  Line 74:10:  'transcript' is assigned a value but never used                                                                    no-unused-vars
  Line 110:6:  React Hook useEffect has a missing dependency: 'checkReminders'. Either include it or remove the dependency array  react-hooks/exhaustive-deps

webpack compiled with 1 warning
Compiling...
Compiled with warnings.

[eslint] 
src/pages/Dashboard.js
  Line 73:10:  'response' is assigned a value but never used                                                                      no-unused-vars
  Line 74:10:  'transcript' is assigned a value but never used                                                                    no-unused-vars
  Line 110:6:  React Hook useEffect has a missing dependency: 'checkReminders'. Either include it or remove the dependency array  react-hooks/exhaustive-deps

Search for the keywords to learn more about each warning.
To ignore, add // eslint-disable-next-line to the line before.

WARNING in [eslint] 
src/pages/Dashboard.js
  Line 73:10:  'response' is assigned a value but never used                                                                      no-unused-vars
  Line 74:10:  'transcript' is assigned a value but never used                                                                    no-unused-vars
  Line 110:6:  React Hook useEffect has a missing dependency: 'checkReminders'. Either include it or remove the dependency array  react-hooks/exhaustive-deps

webpack compiled with 1 warning
Compiling...
Compiled with warnings.

[eslint] 
src/pages/Dashboard.js
  Line 73:10:  'response' is assigned a value but never used                                                                      no-unused-vars
  Line 74:10:  'transcript' is assigned a value but never used                                                                    no-unused-vars
  Line 110:6:  React Hook useEffect has a missing dependency: 'checkReminders'. Either include it or remove the dependency array  react-hooks/exhaustive-deps

Search for the keywords to learn more about each warning.
To ignore, add // eslint-disable-next-line to the line before.

WARNING in [eslint] 
src/pages/Dashboard.js
  Line 73:10:  'response' is assigned a value but never used                                                                      no-unused-vars
  Line 74:10:  'transcript' is assigned a value but never used                                                                    no-unused-vars
  Line 110:6:  React Hook useEffect has a missing dependency: 'checkReminders'. Either include it or remove the dependency array  react-hooks/exhaustive-deps

webpack compiled with 1 warning
Compiling...
Compiled with warnings.

[eslint] 
src/pages/Dashboard.js
  Line 73:10:  'response' is assigned a value but never used                                                                      no-unused-vars
  Line 74:10:  'transcript' is assigned a value but never used                                                                    no-unused-vars
  Line 110:6:  React Hook useEffect has a missing dependency: 'checkReminders'. Either include it or remove the dependency array  react-hooks/exhaustive-deps

Search for the keywords to learn more about each warning.
To ignore, add // eslint-disable-next-line to the line before.

WARNING in [eslint] 
src/pages/Dashboard.js
  Line 73:10:  'response' is assigned a value but never used                                                                      no-unused-vars
  Line 74:10:  'transcript' is assigned a value but never used                                                                    no-unused-vars
  Line 110:6:  React Hook useEffect has a missing dependency: 'checkReminders'. Either include it or remove the dependency array  react-hooks/exhaustive-deps

webpack compiled with 1 warning
Compiling...
Compiled with warnings.

[eslint] 
src/pages/Dashboard.js
  Line 73:10:  'response' is assigned a value but never used                                                                      no-unused-vars
  Line 74:10:  'transcript' is assigned a value but never used                                                                    no-unused-vars
  Line 110:6:  React Hook useEffect has a missing dependency: 'checkReminders'. Either include it or remove the dependency array  react-hooks/exhaustive-deps

Search for the keywords to learn more about each warning.
To ignore, add // eslint-disable-next-line to the line before.

WARNING in [eslint] 
src/pages/Dashboard.js
  Line 73:10:  'response' is assigned a value but never used                                                                      no-unused-vars
  Line 74:10:  'transcript' is assigned a value but never used                                                                    no-unused-vars
  Line 110:6:  React Hook useEffect has a missing dependency: 'checkReminders'. Either include it or remove the dependency array  react-hooks/exhaustive-deps

webpack compiled with 1 warning
Compiling...
Compiled with warnings.

[eslint] 
src/pages/Dashboard.js
  Line 73:10:  'response' is assigned a value but never used                                                                      no-unused-vars
  Line 74:10:  'transcript' is assigned a value but never used                                                                    no-unused-vars
  Line 112:6:  React Hook useEffect has a missing dependency: 'checkReminders'. Either include it or remove the dependency array  react-hooks/exhaustive-deps

Search for the keywords to learn more about each warning.
To ignore, add // eslint-disable-next-line to the line before.

WARNING in [eslint] 
src/pages/Dashboard.js
  Line 73:10:  'response' is assigned a value but never used                                                                      no-unused-vars
  Line 74:10:  'transcript' is assigned a value but never used                                                                    no-unused-vars
  Line 112:6:  React Hook useEffect has a missing dependency: 'checkReminders'. Either include it or remove the dependency array  react-hooks/exhaustive-deps

webpack compiled with 1 warning
Compiling...
Compiled with warnings.

[eslint] 
src/pages/Dashboard.js
  Line 73:10:  'response' is assigned a value but never used                                                                      no-unused-vars
  Line 74:10:  'transcript' is assigned a value but never used                                                                    no-unused-vars
  Line 112:6:  React Hook useEffect has a missing dependency: 'checkReminders'. Either include it or remove the dependency array  react-hooks/exhaustive-deps

Search for the keywords to learn more about each warning.
To ignore, add // eslint-disable-next-line to the line before.

WARNING in [eslint] 
src/pages/Dashboard.js
  Line 73:10:  'response' is assigned a value but never used                                                                      no-unused-vars
  Line 74:10:  'transcript' is assigned a value but never used                                                                    no-unused-vars
  Line 112:6:  React Hook useEffect has a missing dependency: 'checkReminders'. Either include it or remove the dependency array  react-hooks/exhaustive-deps

webpack compiled with 1 warning
Compiling...
Compiled with warnings.

[eslint] 
src/pages/Dashboard.js
  Line 73:10:  'response' is assigned a value but never used                                                                      no-unused-vars
  Line 74:10:  'transcript' is assigned a value but never used                                                                    no-unused-vars
  Line 112:6:  React Hook useEffect has a missing dependency: 'checkReminders'. Either include it or remove the dependency array  react-hooks/exhaustive-deps

Search for the keywords to learn more about each warning.
To ignore, add // eslint-disable-next-line to the line before.

WARNING in [eslint] 
src/pages/Dashboard.js
  Line 73:10:  'response' is assigned a value but never used                                                                      no-unused-vars
  Line 74:10:  'transcript' is assigned a value but never used                                                                    no-unused-vars
  Line 112:6:  React Hook useEffect has a missing dependency: 'checkReminders'. Either include it or remove the dependency array  react-hooks/exhaustive-deps

webpack compiled with 1 warning
Compiling...
Compiled with warnings.

[eslint] 
src/pages/Dashboard.js
  Line 73:10:  'response' is assigned a value but never used                                                                      no-unused-vars
  Line 74:10:  'transcript' is assigned a value but never used                                                                    no-unused-vars
  Line 112:6:  React Hook useEffect has a missing dependency: 'checkReminders'. Either include it or remove the dependency array  react-hooks/exhaustive-deps

Search for the keywords to learn more about each warning.
To ignore, add // eslint-disable-next-line to the line before.

WARNING in [eslint] 
src/pages/Dashboard.js
  Line 73:10:  'response' is assigned a value but never used                                                                      no-unused-vars
  Line 74:10:  'transcript' is assigned a value but never used                                                                    no-unused-vars
  Line 112:6:  React Hook useEffect has a missing dependency: 'checkReminders'. Either include it or remove the dependency array  react-hooks/exhaustive-deps

webpack compiled with 1 warning
Compiling...
Compiled with warnings.

[eslint] 
src/pages/Dashboard.js
  Line 76:10:  'response' is assigned a value but never used                                                                      no-unused-vars
  Line 77:10:  'transcript' is assigned a value but never used                                                                    no-unused-vars
  Line 123:6:  React Hook useEffect has a missing dependency: 'checkReminders'. Either include it or remove the dependency array  react-hooks/exhaustive-deps

Search for the keywords to learn more about each warning.
To ignore, add // eslint-disable-next-line to the line before.

WARNING in [eslint] 
src/pages/Dashboard.js
  Line 76:10:  'response' is assigned a value but never used                                                                      no-unused-vars
  Line 77:10:  'transcript' is assigned a value but never used                                                                    no-unused-vars
  Line 123:6:  React Hook useEffect has a missing dependency: 'checkReminders'. Either include it or remove the dependency array  react-hooks/exhaustive-deps

webpack compiled with 1 warning
Compiling...
Compiled with warnings.

[eslint] 
src/pages/Dashboard.js
  Line 76:10:  'response' is assigned a value but never used                                                                      no-unused-vars
  Line 77:10:  'transcript' is assigned a value but never used                                                                    no-unused-vars
  Line 123:6:  React Hook useEffect has a missing dependency: 'checkReminders'. Either include it or remove the dependency array  react-hooks/exhaustive-deps

Search for the keywords to learn more about each warning.
To ignore, add // eslint-disable-next-line to the line before.

WARNING in [eslint] 
src/pages/Dashboard.js
  Line 76:10:  'response' is assigned a value but never used                                                                      no-unused-vars
  Line 77:10:  'transcript' is assigned a value but never used                                                                    no-unused-vars
  Line 123:6:  React Hook useEffect has a missing dependency: 'checkReminders'. Either include it or remove the dependency array  react-hooks/exhaustive-deps

webpack compiled with 1 warning
Compiling...
Compiled with warnings.

[eslint] 
src/pages/Dashboard.js
  Line 76:10:  'response' is assigned a value but never used                                                                      no-unused-vars
  Line 77:10:  'transcript' is assigned a value but never used                                                                    no-unused-vars
  Line 123:6:  React Hook useEffect has a missing dependency: 'checkReminders'. Either include it or remove the dependency array  react-hooks/exhaustive-deps

Search for the keywords to learn more about each warning.
To ignore, add // eslint-disable-next-line to the line before.

WARNING in [eslint] 
src/pages/Dashboard.js
  Line 76:10:  'response' is assigned a value but never used                                                                      no-unused-vars
  Line 77:10:  'transcript' is assigned a value but never used                                                                    no-unused-vars
  Line 123:6:  React Hook useEffect has a missing dependency: 'checkReminders'. Either include it or remove the dependency array  react-hooks/exhaustive-deps

webpack compiled with 1 warning
Compiling...
Compiled with warnings.

[eslint] 
src/pages/Dashboard.js
  Line 76:10:  'response' is assigned a value but never used                                                                      no-unused-vars
  Line 77:10:  'transcript' is assigned a value but never used                                                                    no-unused-vars
  Line 123:6:  React Hook useEffect has a missing dependency: 'checkReminders'. Either include it or remove the dependency array  react-hooks/exhaustive-deps

Search for the keywords to learn more about each warning.
To ignore, add // eslint-disable-next-line to the line before.

WARNING in [eslint] 
src/pages/Dashboard.js
  Line 76:10:  'response' is assigned a value but never used                                                                      no-unused-vars
  Line 77:10:  'transcript' is assigned a value but never used                                                                    no-unused-vars
  Line 123:6:  React Hook useEffect has a missing dependency: 'checkReminders'. Either include it or remove the dependency array  react-hooks/exhaustive-deps

webpack compiled with 1 warning
